2016-06-30 09:52:28,321 INFO [org.springframework.web.context.ContextLoader] - <Root WebApplicationContext: initialization started>
2016-06-30 09:52:28,448 DEBUG [org.springframework.web.context.support.StandardServletEnvironment] - <Initializing new StandardServletEnvironment>
2016-06-30 09:52:28,450 DEBUG [org.springframework.web.context.support.StandardServletEnvironment] - <Adding [servletConfigInitParams] PropertySource with lowest search precedence>
2016-06-30 09:52:28,450 DEBUG [org.springframework.web.context.support.StandardServletEnvironment] - <Adding [servletContextInitParams] PropertySource with lowest search precedence>
2016-06-30 09:52:28,455 DEBUG [org.springframework.web.context.support.StandardServletEnvironment] - <Adding [jndiProperties] PropertySource with lowest search precedence>
2016-06-30 09:52:28,455 DEBUG [org.springframework.web.context.support.StandardServletEnvironment] - <Adding [systemProperties] PropertySource with lowest search precedence>
2016-06-30 09:52:28,455 DEBUG [org.springframework.web.context.support.StandardServletEnvironment] - <Adding [systemEnvironment] PropertySource with lowest search precedence>
2016-06-30 09:52:28,456 DEBUG [org.springframework.web.context.support.StandardServletEnvironment] - <Initialized StandardServletEnvironment with PropertySources [servletConfigInitParams,servletContextInitParams,jndiProperties,systemProperties,systemEnvironment]>
2016-06-30 09:52:28,457 INFO [org.springframework.web.context.support.XmlWebApplicationContext] - <Refreshing Root WebApplicationContext: startup date [Thu Jun 30 09:52:28 CST 2016]; root of context hierarchy>
2016-06-30 09:52:28,461 DEBUG [org.springframework.web.context.support.StandardServletEnvironment] - <Replacing [servletContextInitParams] PropertySource with [servletContextInitParams]>
2016-06-30 09:52:28,624 DEBUG [org.springframework.core.env.StandardEnvironment] - <Initializing new StandardEnvironment>
2016-06-30 09:52:28,624 DEBUG [org.springframework.core.env.StandardEnvironment] - <Adding [systemProperties] PropertySource with lowest search precedence>
2016-06-30 09:52:28,624 DEBUG [org.springframework.core.env.StandardEnvironment] - <Adding [systemEnvironment] PropertySource with lowest search precedence>
2016-06-30 09:52:28,624 DEBUG [org.springframework.core.env.StandardEnvironment] - <Initialized StandardEnvironment with PropertySources [systemProperties,systemEnvironment]>
2016-06-30 09:52:28,625 DEBUG [org.springframework.core.env.StandardEnvironment] - <Initializing new StandardEnvironment>
2016-06-30 09:52:28,625 DEBUG [org.springframework.core.env.StandardEnvironment] - <Adding [systemProperties] PropertySource with lowest search precedence>
2016-06-30 09:52:28,625 DEBUG [org.springframework.core.env.StandardEnvironment] - <Adding [systemEnvironment] PropertySource with lowest search precedence>
2016-06-30 09:52:28,625 DEBUG [org.springframework.core.env.StandardEnvironment] - <Initialized StandardEnvironment with PropertySources [systemProperties,systemEnvironment]>
2016-06-30 09:52:28,642 INFO [org.springframework.beans.factory.xml.XmlBeanDefinitionReader] - <Loading XML bean definitions from ServletContext resource [/WEB-INF/applicationContext.xml]>
2016-06-30 09:52:28,644 DEBUG [org.springframework.beans.factory.xml.DefaultDocumentLoader] - <Using JAXP provider [com.sun.org.apache.xerces.internal.jaxp.DocumentBuilderFactoryImpl]>
2016-06-30 09:52:28,674 DEBUG [org.springframework.beans.factory.xml.PluggableSchemaResolver] - <Loading schema mappings from [META-INF/spring.schemas]>
2016-06-30 09:52:28,676 DEBUG [org.springframework.beans.factory.xml.PluggableSchemaResolver] - <Loaded schema mappings: {http://mybatis.org/schema/mybatis-spring-1.2.xsd=org/mybatis/spring/config/mybatis-spring-1.2.xsd, http://www.springframework.org/schema/util/spring-util.xsd=org/springframework/beans/factory/xml/spring-util-3.1.xsd, http://www.springframework.org/schema/mvc/spring-mvc-3.1.xsd=org/springframework/web/servlet/config/spring-mvc-3.1.xsd, http://www.springframework.org/schema/task/spring-task.xsd=org/springframework/scheduling/config/spring-task-3.1.xsd, http://www.springframework.org/schema/beans/spring-beans-3.1.xsd=org/springframework/beans/factory/xml/spring-beans-3.1.xsd, http://www.springframework.org/schema/cache/spring-cache.xsd=org/springframework/cache/config/spring-cache-3.1.xsd, http://www.springframework.org/schema/aop/spring-aop-3.0.xsd=org/springframework/aop/config/spring-aop-3.0.xsd, http://www.springframework.org/schema/task/spring-task-3.1.xsd=org/springframework/scheduling/config/spring-task-3.1.xsd, http://www.springframework.org/schema/aop/spring-aop-2.0.xsd=org/springframework/aop/config/spring-aop-2.0.xsd, http://www.springframework.org/schema/tool/spring-tool-2.5.xsd=org/springframework/beans/factory/xml/spring-tool-2.5.xsd, http://www.springframework.org/schema/beans/spring-beans.xsd=org/springframework/beans/factory/xml/spring-beans-3.1.xsd, http://www.springframework.org/schema/jee/spring-jee-2.5.xsd=org/springframework/ejb/config/spring-jee-2.5.xsd, http://www.springframework.org/schema/jdbc/spring-jdbc-3.1.xsd=org/springframework/jdbc/config/spring-jdbc-3.1.xsd, http://www.springframework.org/schema/tool/spring-tool-3.1.xsd=org/springframework/beans/factory/xml/spring-tool-3.1.xsd, http://www.springframework.org/schema/jee/spring-jee-3.1.xsd=org/springframework/ejb/config/spring-jee-3.1.xsd, http://www.springframework.org/schema/aop/spring-aop.xsd=org/springframework/aop/config/spring-aop-3.1.xsd, http://www.springframework.org/schema/beans/spring-beans-2.0.xsd=org/springframework/beans/factory/xml/spring-beans-2.0.xsd, http://www.springframework.org/schema/mvc/spring-mvc-3.0.xsd=org/springframework/web/servlet/config/spring-mvc-3.0.xsd, http://www.springframework.org/schema/beans/spring-beans-3.0.xsd=org/springframework/beans/factory/xml/spring-beans-3.0.xsd, http://www.springframework.org/schema/task/spring-task-3.0.xsd=org/springframework/scheduling/config/spring-task-3.0.xsd, http://mybatis.org/schema/mybatis-spring.xsd=org/mybatis/spring/config/mybatis-spring-1.2.xsd, http://www.springframework.org/schema/tx/spring-tx-2.5.xsd=org/springframework/transaction/config/spring-tx-2.5.xsd, http://www.springframework.org/schema/context/spring-context-2.5.xsd=org/springframework/context/config/spring-context-2.5.xsd, http://www.springframework.org/schema/jdbc/spring-jdbc-3.0.xsd=org/springframework/jdbc/config/spring-jdbc-3.0.xsd, http://www.springframework.org/schema/tool/spring-tool-3.0.xsd=org/springframework/beans/factory/xml/spring-tool-3.0.xsd, http://www.springframework.org/schema/tx/spring-tx.xsd=org/springframework/transaction/config/spring-tx-3.1.xsd, http://www.springframework.org/schema/lang/spring-lang.xsd=org/springframework/scripting/config/spring-lang-3.1.xsd, http://www.springframework.org/schema/tool/spring-tool-2.0.xsd=org/springframework/beans/factory/xml/spring-tool-2.0.xsd, http://www.springframework.org/schema/util/spring-util-2.5.xsd=org/springframework/beans/factory/xml/spring-util-2.5.xsd, http://www.springframework.org/schema/lang/spring-lang-2.5.xsd=org/springframework/scripting/config/spring-lang-2.5.xsd, http://www.springframework.org/schema/jee/spring-jee-3.0.xsd=org/springframework/ejb/config/spring-jee-3.0.xsd, http://www.springframework.org/schema/tx/spring-tx-3.1.xsd=org/springframework/transaction/config/spring-tx-3.1.xsd, http://www.springframework.org/schema/jee/spring-jee-2.0.xsd=org/springframework/ejb/config/spring-jee-2.0.xsd, http://www.springframework.org/schema/context/spring-context-3.1.xsd=org/springframework/context/config/spring-context-3.1.xsd, http://www.springframework.org/schema/util/spring-util-3.1.xsd=org/springframework/beans/factory/xml/spring-util-3.1.xsd, http://www.springframework.org/schema/lang/spring-lang-3.1.xsd=org/springframework/scripting/config/spring-lang-3.1.xsd, http://www.springframework.org/schema/cache/spring-cache-3.1.xsd=org/springframework/cache/config/spring-cache-3.1.xsd, http://www.springframework.org/schema/context/spring-context.xsd=org/springframework/context/config/spring-context-3.1.xsd, http://www.springframework.org/schema/jee/spring-jee.xsd=org/springframework/ejb/config/spring-jee-3.1.xsd, http://www.springframework.org/schema/aop/spring-aop-2.5.xsd=org/springframework/aop/config/spring-aop-2.5.xsd, http://www.springframework.org/schema/mvc/spring-mvc.xsd=org/springframework/web/servlet/config/spring-mvc-3.1.xsd, http://www.springframework.org/schema/jdbc/spring-jdbc.xsd=org/springframework/jdbc/config/spring-jdbc-3.1.xsd, http://www.springframework.org/schema/tx/spring-tx-2.0.xsd=org/springframework/transaction/config/spring-tx-2.0.xsd, http://www.springframework.org/schema/aop/spring-aop-3.1.xsd=org/springframework/aop/config/spring-aop-3.1.xsd, http://www.springframework.org/schema/tx/spring-tx-3.0.xsd=org/springframework/transaction/config/spring-tx-3.0.xsd, http://www.springframework.org/schema/context/spring-context-3.0.xsd=org/springframework/context/config/spring-context-3.0.xsd, http://www.springframework.org/schema/tool/spring-tool.xsd=org/springframework/beans/factory/xml/spring-tool-3.1.xsd, http://www.springframework.org/schema/util/spring-util-3.0.xsd=org/springframework/beans/factory/xml/spring-util-3.0.xsd, http://www.springframework.org/schema/lang/spring-lang-3.0.xsd=org/springframework/scripting/config/spring-lang-3.0.xsd, http://www.springframework.org/schema/util/spring-util-2.0.xsd=org/springframework/beans/factory/xml/spring-util-2.0.xsd, http://www.springframework.org/schema/lang/spring-lang-2.0.xsd=org/springframework/scripting/config/spring-lang-2.0.xsd, http://www.springframework.org/schema/beans/spring-beans-2.5.xsd=org/springframework/beans/factory/xml/spring-beans-2.5.xsd}>
2016-06-30 09:52:28,677 DEBUG [org.springframework.beans.factory.xml.PluggableSchemaResolver] - <Found XML schema [http://www.springframework.org/schema/beans/spring-beans-3.0.xsd] in classpath: org/springframework/beans/factory/xml/spring-beans-3.0.xsd>
2016-06-30 09:52:28,712 DEBUG [org.springframework.beans.factory.xml.PluggableSchemaResolver] - <Found XML schema [http://www.springframework.org/schema/tx/spring-tx-3.0.xsd] in classpath: org/springframework/transaction/config/spring-tx-3.0.xsd>
2016-06-30 09:52:28,716 DEBUG [org.springframework.beans.factory.xml.PluggableSchemaResolver] - <Found XML schema [http://www.springframework.org/schema/tool/spring-tool-3.0.xsd] in classpath: org/springframework/beans/factory/xml/spring-tool-3.0.xsd>
2016-06-30 09:52:28,733 DEBUG [org.springframework.beans.factory.xml.DefaultBeanDefinitionDocumentReader] - <Loading bean definitions>
2016-06-30 09:52:28,766 DEBUG [org.springframework.beans.factory.xml.BeanDefinitionParserDelegate] - <Neither XML 'id' nor 'name' specified - using generated bean name [com.tjpcms.security.JiamiDbpwd#0]>
2016-06-30 09:52:28,777 DEBUG [org.springframework.beans.factory.xml.DefaultNamespaceHandlerResolver] - <Loaded NamespaceHandler mappings: {http://www.springframework.org/schema/p=org.springframework.beans.factory.xml.SimplePropertyNamespaceHandler, http://www.springframework.org/schema/mvc=org.springframework.web.servlet.config.MvcNamespaceHandler, http://www.springframework.org/schema/util=org.springframework.beans.factory.xml.UtilNamespaceHandler, http://www.springframework.org/schema/jee=org.springframework.ejb.config.JeeNamespaceHandler, http://www.springframework.org/schema/aop=org.springframework.aop.config.AopNamespaceHandler, http://www.springframework.org/schema/jdbc=org.springframework.jdbc.config.JdbcNamespaceHandler, http://www.springframework.org/schema/cache=org.springframework.cache.config.CacheNamespaceHandler, http://mybatis.org/schema/mybatis-spring=org.mybatis.spring.config.NamespaceHandler, http://www.springframework.org/schema/c=org.springframework.beans.factory.xml.SimpleConstructorNamespaceHandler, http://www.springframework.org/schema/tx=org.springframework.transaction.config.TxNamespaceHandler, http://www.springframework.org/schema/task=org.springframework.scheduling.config.TaskNamespaceHandler, http://www.springframework.org/schema/lang=org.springframework.scripting.config.LangNamespaceHandler, http://www.springframework.org/schema/context=org.springframework.context.config.ContextNamespaceHandler}>
2016-06-30 09:52:28,810 DEBUG [org.springframework.beans.factory.xml.BeanDefinitionParserDelegate] - <Neither XML 'id' nor 'name' specified - using generated bean name [org.mybatis.spring.mapper.MapperScannerConfigurer#0]>
2016-06-30 09:52:28,811 DEBUG [org.springframework.beans.factory.xml.XmlBeanDefinitionReader] - <Loaded 10 bean definitions from location pattern [/WEB-INF/applicationContext.xml]>
2016-06-30 09:52:28,811 DEBUG [org.springframework.web.context.support.XmlWebApplicationContext] - <Bean factory for Root WebApplicationContext: org.springframework.beans.factory.support.DefaultListableBeanFactory@6f48db9c: defining beans [com.tjpcms.security.JiamiDbpwd#0,dataSource,sqlSessionFactory,transactionManager,org.springframework.aop.config.internalAutoProxyCreator,org.springframework.transaction.annotation.AnnotationTransactionAttributeSource#0,org.springframework.transaction.interceptor.TransactionInterceptor#0,org.springframework.transaction.config.internalTransactionAdvisor,org.mybatis.spring.mapper.MapperScannerConfigurer#0,multipartResolver]; root of factory hierarchy>
2016-06-30 09:52:28,868 DEBUG [org.springframework.beans.factory.support.DefaultListableBeanFactory] - <Creating shared instance of singleton bean 'org.mybatis.spring.mapper.MapperScannerConfigurer#0'>
2016-06-30 09:52:28,868 DEBUG [org.springframework.beans.factory.support.DefaultListableBeanFactory] - <Creating instance of bean 'org.mybatis.spring.mapper.MapperScannerConfigurer#0'>
2016-06-30 09:52:28,887 DEBUG [org.springframework.beans.factory.support.DefaultListableBeanFactory] - <Eagerly caching bean 'org.mybatis.spring.mapper.MapperScannerConfigurer#0' to allow for resolving potential circular references>
2016-06-30 09:52:28,932 DEBUG [org.springframework.beans.factory.support.DefaultListableBeanFactory] - <Invoking afterPropertiesSet() on bean with name 'org.mybatis.spring.mapper.MapperScannerConfigurer#0'>
2016-06-30 09:52:28,932 DEBUG [org.springframework.beans.factory.support.DefaultListableBeanFactory] - <Finished creating instance of bean 'org.mybatis.spring.mapper.MapperScannerConfigurer#0'>
2016-06-30 09:52:28,973 DEBUG [org.springframework.core.env.StandardEnvironment] - <Initializing new StandardEnvironment>
2016-06-30 09:52:28,973 DEBUG [org.springframework.core.env.StandardEnvironment] - <Adding [systemProperties] PropertySource with lowest search precedence>
2016-06-30 09:52:28,973 DEBUG [org.springframework.core.env.StandardEnvironment] - <Adding [systemEnvironment] PropertySource with lowest search precedence>
2016-06-30 09:52:28,973 DEBUG [org.springframework.core.env.StandardEnvironment] - <Initialized StandardEnvironment with PropertySources [systemProperties,systemEnvironment]>
2016-06-30 09:52:28,998 DEBUG [org.springframework.core.io.support.PathMatchingResourcePatternResolver] - <Looking for matching resources in directory tree [D:\Workspaces\MyEclipse 8.5\kjhb\WebContent\WEB-INF\classes\com\tjpcms\spring\mapper]>
2016-06-30 09:52:28,999 DEBUG [org.springframework.core.io.support.PathMatchingResourcePatternResolver] - <Searching directory [D:\Workspaces\MyEclipse 8.5\kjhb\WebContent\WEB-INF\classes\com\tjpcms\spring\mapper] for files matching pattern [D:/Workspaces/MyEclipse 8.5/kjhb/WebContent/WEB-INF/classes/com/tjpcms/spring/mapper/**/*.class]>
2016-06-30 09:52:29,002 DEBUG [org.springframework.core.io.support.PathMatchingResourcePatternResolver] - <Looking for matching resources in directory tree [D:\apache-tomcat-7.0.64\webapps\kjhb\WEB-INF\classes\com\tjpcms\spring\mapper]>
2016-06-30 09:52:29,002 DEBUG [org.springframework.core.io.support.PathMatchingResourcePatternResolver] - <Searching directory [D:\apache-tomcat-7.0.64\webapps\kjhb\WEB-INF\classes\com\tjpcms\spring\mapper] for files matching pattern [D:/apache-tomcat-7.0.64/webapps/kjhb/WEB-INF/classes/com/tjpcms/spring/mapper/**/*.class]>
2016-06-30 09:52:29,004 DEBUG [org.springframework.core.io.support.PathMatchingResourcePatternResolver] - <Resolved location pattern [classpath*:com/tjpcms/spring/mapper/**/*.class] to resources [file [D:\Workspaces\MyEclipse 8.5\kjhb\WebContent\WEB-INF\classes\com\tjpcms\spring\mapper\EntMapper.class]]>
2016-06-30 09:52:29,034 DEBUG [org.springframework.context.annotation.ClassPathScanningCandidateComponentProvider] - <Identified candidate component class: file [D:\Workspaces\MyEclipse 8.5\kjhb\WebContent\WEB-INF\classes\com\tjpcms\spring\mapper\EntMapper.class]>
2016-06-30 09:52:29,039 DEBUG [org.springframework.context.annotation.ClassPathScanningCandidateComponentProvider] - <Creating MapperFactoryBean with name 'entMapper' and 'com.tjpcms.spring.mapper.EntMapper' mapperInterface>
2016-06-30 09:52:29,083 DEBUG [org.springframework.beans.factory.support.DefaultListableBeanFactory] - <Creating shared instance of singleton bean 'com.tjpcms.security.JiamiDbpwd#0'>
2016-06-30 09:52:29,083 DEBUG [org.springframework.beans.factory.support.DefaultListableBeanFactory] - <Creating instance of bean 'com.tjpcms.security.JiamiDbpwd#0'>
2016-06-30 09:52:29,085 DEBUG [org.springframework.beans.factory.support.DefaultListableBeanFactory] - <Eagerly caching bean 'com.tjpcms.security.JiamiDbpwd#0' to allow for resolving potential circular references>
2016-06-30 09:52:29,097 DEBUG [org.springframework.core.env.StandardEnvironment] - <Initializing new StandardEnvironment>
2016-06-30 09:52:29,097 DEBUG [org.springframework.core.env.StandardEnvironment] - <Adding [systemProperties] PropertySource with lowest search precedence>
2016-06-30 09:52:29,097 DEBUG [org.springframework.core.env.StandardEnvironment] - <Adding [systemEnvironment] PropertySource with lowest search precedence>
2016-06-30 09:52:29,097 DEBUG [org.springframework.core.env.StandardEnvironment] - <Initialized StandardEnvironment with PropertySources [systemProperties,systemEnvironment]>
2016-06-30 09:52:29,098 DEBUG [org.springframework.core.env.StandardEnvironment] - <Initializing new StandardEnvironment>
2016-06-30 09:52:29,098 DEBUG [org.springframework.core.env.StandardEnvironment] - <Adding [systemProperties] PropertySource with lowest search precedence>
2016-06-30 09:52:29,098 DEBUG [org.springframework.core.env.StandardEnvironment] - <Adding [systemEnvironment] PropertySource with lowest search precedence>
2016-06-30 09:52:29,098 DEBUG [org.springframework.core.env.StandardEnvironment] - <Initialized StandardEnvironment with PropertySources [systemProperties,systemEnvironment]>
2016-06-30 09:52:29,098 DEBUG [org.springframework.core.env.StandardEnvironment] - <Initializing new StandardEnvironment>
2016-06-30 09:52:29,099 DEBUG [org.springframework.core.env.StandardEnvironment] - <Adding [systemProperties] PropertySource with lowest search precedence>
2016-06-30 09:52:29,099 DEBUG [org.springframework.core.env.StandardEnvironment] - <Adding [systemEnvironment] PropertySource with lowest search precedence>
2016-06-30 09:52:29,099 DEBUG [org.springframework.core.env.StandardEnvironment] - <Initialized StandardEnvironment with PropertySources [systemProperties,systemEnvironment]>
2016-06-30 09:52:29,101 DEBUG [org.springframework.core.env.StandardEnvironment] - <Initializing new StandardEnvironment>
2016-06-30 09:52:29,101 DEBUG [org.springframework.core.env.StandardEnvironment] - <Adding [systemProperties] PropertySource with lowest search precedence>
2016-06-30 09:52:29,101 DEBUG [org.springframework.core.env.StandardEnvironment] - <Adding [systemEnvironment] PropertySource with lowest search precedence>
2016-06-30 09:52:29,101 DEBUG [org.springframework.core.env.StandardEnvironment] - <Initialized StandardEnvironment with PropertySources [systemProperties,systemEnvironment]>
2016-06-30 09:52:29,102 DEBUG [org.springframework.core.env.StandardEnvironment] - <Initializing new StandardEnvironment>
2016-06-30 09:52:29,102 DEBUG [org.springframework.core.env.StandardEnvironment] - <Adding [systemProperties] PropertySource with lowest search precedence>
2016-06-30 09:52:29,103 DEBUG [org.springframework.core.env.StandardEnvironment] - <Adding [systemEnvironment] PropertySource with lowest search precedence>
2016-06-30 09:52:29,103 DEBUG [org.springframework.core.env.StandardEnvironment] - <Initialized StandardEnvironment with PropertySources [systemProperties,systemEnvironment]>
2016-06-30 09:52:29,111 DEBUG [org.springframework.beans.factory.support.DefaultListableBeanFactory] - <Finished creating instance of bean 'com.tjpcms.security.JiamiDbpwd#0'>
2016-06-30 09:52:29,111 INFO [com.tjpcms.security.JiamiDbpwd] - <Loading properties file from ServletContext resource [/WEB-INF/jdbc.properties]>
2016-06-30 09:52:29,278 DEBUG [org.springframework.beans.factory.support.DefaultListableBeanFactory] - <Creating shared instance of singleton bean 'org.springframework.context.annotation.internalConfigurationAnnotationProcessor'>
2016-06-30 09:52:29,278 DEBUG [org.springframework.beans.factory.support.DefaultListableBeanFactory] - <Creating instance of bean 'org.springframework.context.annotation.internalConfigurationAnnotationProcessor'>
2016-06-30 09:52:29,309 DEBUG [org.springframework.beans.factory.support.DefaultListableBeanFactory] - <Eagerly caching bean 'org.springframework.context.annotation.internalConfigurationAnnotationProcessor' to allow for resolving potential circular references>
2016-06-30 09:52:29,309 DEBUG [org.springframework.beans.factory.support.DefaultListableBeanFactory] - <Finished creating instance of bean 'org.springframework.context.annotation.internalConfigurationAnnotationProcessor'>
2016-06-30 09:52:29,345 DEBUG [org.springframework.beans.factory.support.DefaultListableBeanFactory] - <Creating shared instance of singleton bean 'org.springframework.context.annotation.internalAutowiredAnnotationProcessor'>
2016-06-30 09:52:29,345 DEBUG [org.springframework.beans.factory.support.DefaultListableBeanFactory] - <Creating instance of bean 'org.springframework.context.annotation.internalAutowiredAnnotationProcessor'>
2016-06-30 09:52:29,346 DEBUG [org.springframework.beans.factory.support.DefaultListableBeanFactory] - <Eagerly caching bean 'org.springframework.context.annotation.internalAutowiredAnnotationProcessor' to allow for resolving potential circular references>
2016-06-30 09:52:29,346 DEBUG [org.springframework.beans.factory.support.DefaultListableBeanFactory] - <Finished creating instance of bean 'org.springframework.context.annotation.internalAutowiredAnnotationProcessor'>
2016-06-30 09:52:29,346 DEBUG [org.springframework.beans.factory.support.DefaultListableBeanFactory] - <Creating shared instance of singleton bean 'org.springframework.context.annotation.internalRequiredAnnotationProcessor'>
2016-06-30 09:52:29,347 DEBUG [org.springframework.beans.factory.support.DefaultListableBeanFactory] - <Creating instance of bean 'org.springframework.context.annotation.internalRequiredAnnotationProcessor'>
2016-06-30 09:52:29,347 DEBUG [org.springframework.beans.factory.support.DefaultListableBeanFactory] - <Eagerly caching bean 'org.springframework.context.annotation.internalRequiredAnnotationProcessor' to allow for resolving potential circular references>
2016-06-30 09:52:29,347 DEBUG [org.springframework.beans.factory.support.DefaultListableBeanFactory] - <Finished creating instance of bean 'org.springframework.context.annotation.internalRequiredAnnotationProcessor'>
2016-06-30 09:52:29,348 DEBUG [org.springframework.beans.factory.support.DefaultListableBeanFactory] - <Creating shared instance of singleton bean 'org.springframework.context.annotation.internalCommonAnnotationProcessor'>
2016-06-30 09:52:29,348 DEBUG [org.springframework.beans.factory.support.DefaultListableBeanFactory] - <Creating instance of bean 'org.springframework.context.annotation.internalCommonAnnotationProcessor'>
2016-06-30 09:52:29,349 DEBUG [org.springframework.beans.factory.support.DefaultListableBeanFactory] - <Eagerly caching bean 'org.springframework.context.annotation.internalCommonAnnotationProcessor' to allow for resolving potential circular references>
2016-06-30 09:52:29,349 DEBUG [org.springframework.beans.factory.support.DefaultListableBeanFactory] - <Finished creating instance of bean 'org.springframework.context.annotation.internalCommonAnnotationProcessor'>
2016-06-30 09:52:29,350 DEBUG [org.springframework.beans.factory.support.DefaultListableBeanFactory] - <Creating shared instance of singleton bean 'org.springframework.aop.config.internalAutoProxyCreator'>
2016-06-30 09:52:29,350 DEBUG [org.springframework.beans.factory.support.DefaultListableBeanFactory] - <Creating instance of bean 'org.springframework.aop.config.internalAutoProxyCreator'>
2016-06-30 09:52:29,368 DEBUG [org.springframework.beans.factory.support.DefaultListableBeanFactory] - <Eagerly caching bean 'org.springframework.aop.config.internalAutoProxyCreator' to allow for resolving potential circular references>
2016-06-30 09:52:29,382 DEBUG [org.springframework.beans.factory.support.DefaultListableBeanFactory] - <Finished creating instance of bean 'org.springframework.aop.config.internalAutoProxyCreator'>
2016-06-30 09:52:29,387 DEBUG [org.springframework.web.context.support.XmlWebApplicationContext] - <Unable to locate MessageSource with name 'messageSource': using default [org.springframework.context.support.DelegatingMessageSource@7633910a]>
2016-06-30 09:52:29,391 DEBUG [org.springframework.web.context.support.XmlWebApplicationContext] - <Unable to locate ApplicationEventMulticaster with name 'applicationEventMulticaster': using default [org.springframework.context.event.SimpleApplicationEventMulticaster@17368db]>
2016-06-30 09:52:29,394 DEBUG [org.springframework.ui.context.support.UiApplicationContextUtils] - <Unable to locate ThemeSource with name 'themeSource': using default [org.springframework.ui.context.support.ResourceBundleThemeSource@2c51f266]>
2016-06-30 09:52:29,395 INFO [org.springframework.beans.factory.support.DefaultListableBeanFactory] - <Pre-instantiating singletons in org.springframework.beans.factory.support.DefaultListableBeanFactory@6f48db9c: defining beans [com.tjpcms.security.JiamiDbpwd#0,dataSource,sqlSessionFactory,transactionManager,org.springframework.aop.config.internalAutoProxyCreator,org.springframework.transaction.annotation.AnnotationTransactionAttributeSource#0,org.springframework.transaction.interceptor.TransactionInterceptor#0,org.springframework.transaction.config.internalTransactionAdvisor,org.mybatis.spring.mapper.MapperScannerConfigurer#0,multipartResolver,entMapper,org.springframework.context.annotation.internalConfigurationAnnotationProcessor,org.springframework.context.annotation.internalAutowiredAnnotationProcessor,org.springframework.context.annotation.internalRequiredAnnotationProcessor,org.springframework.context.annotation.internalCommonAnnotationProcessor]; root of factory hierarchy>
2016-06-30 09:52:29,395 DEBUG [org.springframework.beans.factory.support.DefaultListableBeanFactory] - <Returning cached instance of singleton bean 'org.springframework.aop.config.internalAutoProxyCreator'>
2016-06-30 09:52:29,396 DEBUG [org.springframework.beans.factory.support.DefaultListableBeanFactory] - <Creating shared instance of singleton bean 'org.springframework.transaction.annotation.AnnotationTransactionAttributeSource#0'>
2016-06-30 09:52:29,396 DEBUG [org.springframework.beans.factory.support.DefaultListableBeanFactory] - <Creating instance of bean 'org.springframework.transaction.annotation.AnnotationTransactionAttributeSource#0'>
2016-06-30 09:52:29,401 DEBUG [org.springframework.beans.factory.support.DefaultListableBeanFactory] - <Eagerly caching bean 'org.springframework.transaction.annotation.AnnotationTransactionAttributeSource#0' to allow for resolving potential circular references>
2016-06-30 09:52:29,404 DEBUG [org.springframework.beans.factory.support.DefaultListableBeanFactory] - <Creating shared instance of singleton bean 'org.springframework.transaction.config.internalTransactionAdvisor'>
2016-06-30 09:52:29,404 DEBUG [org.springframework.beans.factory.support.DefaultListableBeanFactory] - <Creating instance of bean 'org.springframework.transaction.config.internalTransactionAdvisor'>
2016-06-30 09:52:29,406 DEBUG [org.springframework.beans.factory.support.DefaultListableBeanFactory] - <Eagerly caching bean 'org.springframework.transaction.config.internalTransactionAdvisor' to allow for resolving potential circular references>
2016-06-30 09:52:29,413 DEBUG [org.springframework.beans.factory.support.DefaultListableBeanFactory] - <Returning eagerly cached instance of singleton bean 'org.springframework.transaction.annotation.AnnotationTransactionAttributeSource#0' that is not fully initialized yet - a consequence of a circular reference>
2016-06-30 09:52:29,414 DEBUG [org.springframework.beans.factory.support.DefaultListableBeanFactory] - <Finished creating instance of bean 'org.springframework.transaction.config.internalTransactionAdvisor'>
2016-06-30 09:52:29,418 DEBUG [org.springframework.beans.factory.support.DefaultListableBeanFactory] - <Finished creating instance of bean 'org.springframework.transaction.annotation.AnnotationTransactionAttributeSource#0'>
2016-06-30 09:52:29,418 DEBUG [org.springframework.beans.factory.support.DefaultListableBeanFactory] - <Creating shared instance of singleton bean 'org.springframework.transaction.interceptor.TransactionInterceptor#0'>
2016-06-30 09:52:29,418 DEBUG [org.springframework.beans.factory.support.DefaultListableBeanFactory] - <Creating instance of bean 'org.springframework.transaction.interceptor.TransactionInterceptor#0'>
2016-06-30 09:52:29,421 DEBUG [org.springframework.beans.factory.support.DefaultListableBeanFactory] - <Eagerly caching bean 'org.springframework.transaction.interceptor.TransactionInterceptor#0' to allow for resolving potential circular references>
2016-06-30 09:52:29,425 DEBUG [org.springframework.beans.factory.support.DefaultListableBeanFactory] - <Returning cached instance of singleton bean 'org.springframework.transaction.annotation.AnnotationTransactionAttributeSource#0'>
2016-06-30 09:52:29,426 DEBUG [org.springframework.beans.factory.support.DefaultListableBeanFactory] - <Invoking afterPropertiesSet() on bean with name 'org.springframework.transaction.interceptor.TransactionInterceptor#0'>
2016-06-30 09:52:29,426 DEBUG [org.springframework.beans.factory.support.DefaultListableBeanFactory] - <Finished creating instance of bean 'org.springframework.transaction.interceptor.TransactionInterceptor#0'>
2016-06-30 09:52:29,426 DEBUG [org.springframework.beans.factory.support.DefaultListableBeanFactory] - <Returning cached instance of singleton bean 'org.springframework.transaction.config.internalTransactionAdvisor'>
2016-06-30 09:52:29,426 DEBUG [org.springframework.beans.factory.support.DefaultListableBeanFactory] - <Creating shared instance of singleton bean 'entMapper'>
2016-06-30 09:52:29,426 DEBUG [org.springframework.beans.factory.support.DefaultListableBeanFactory] - <Creating instance of bean 'entMapper'>
2016-06-30 09:52:29,427 DEBUG [org.springframework.beans.factory.support.DefaultListableBeanFactory] - <Eagerly caching bean 'entMapper' to allow for resolving potential circular references>
2016-06-30 09:52:29,433 DEBUG [org.springframework.beans.factory.support.DefaultListableBeanFactory] - <Creating shared instance of singleton bean 'sqlSessionFactory'>
2016-06-30 09:52:29,433 DEBUG [org.springframework.beans.factory.support.DefaultListableBeanFactory] - <Creating instance of bean 'sqlSessionFactory'>
2016-06-30 09:52:29,441 DEBUG [org.apache.ibatis.logging.LogFactory] - <Logging initialized using 'class org.apache.ibatis.logging.commons.JakartaCommonsLoggingImpl' adapter.>
2016-06-30 09:52:29,450 DEBUG [org.springframework.beans.factory.support.DefaultListableBeanFactory] - <Eagerly caching bean 'sqlSessionFactory' to allow for resolving potential circular references>
2016-06-30 09:52:29,455 DEBUG [org.springframework.beans.factory.support.DefaultListableBeanFactory] - <Creating shared instance of singleton bean 'dataSource'>
2016-06-30 09:52:29,456 DEBUG [org.springframework.beans.factory.support.DefaultListableBeanFactory] - <Creating instance of bean 'dataSource'>
2016-06-30 09:52:29,471 DEBUG [org.springframework.beans.factory.support.DefaultListableBeanFactory] - <Eagerly caching bean 'dataSource' to allow for resolving potential circular references>
2016-06-30 09:52:29,492 DEBUG [org.springframework.core.env.StandardEnvironment] - <Initializing new StandardEnvironment>
2016-06-30 09:52:29,492 DEBUG [org.springframework.core.env.StandardEnvironment] - <Adding [systemProperties] PropertySource with lowest search precedence>
2016-06-30 09:52:29,492 DEBUG [org.springframework.core.env.StandardEnvironment] - <Adding [systemEnvironment] PropertySource with lowest search precedence>
2016-06-30 09:52:29,492 DEBUG [org.springframework.core.env.StandardEnvironment] - <Initialized StandardEnvironment with PropertySources [systemProperties,systemEnvironment]>
2016-06-30 09:52:29,493 DEBUG [org.springframework.core.env.StandardEnvironment] - <Initializing new StandardEnvironment>
2016-06-30 09:52:29,493 DEBUG [org.springframework.core.env.StandardEnvironment] - <Adding [systemProperties] PropertySource with lowest search precedence>
2016-06-30 09:52:29,493 DEBUG [org.springframework.core.env.StandardEnvironment] - <Adding [systemEnvironment] PropertySource with lowest search precedence>
2016-06-30 09:52:29,493 DEBUG [org.springframework.core.env.StandardEnvironment] - <Initialized StandardEnvironment with PropertySources [systemProperties,systemEnvironment]>
2016-06-30 09:52:29,493 DEBUG [org.springframework.core.env.StandardEnvironment] - <Initializing new StandardEnvironment>
2016-06-30 09:52:29,493 DEBUG [org.springframework.core.env.StandardEnvironment] - <Adding [systemProperties] PropertySource with lowest search precedence>
2016-06-30 09:52:29,493 DEBUG [org.springframework.core.env.StandardEnvironment] - <Adding [systemEnvironment] PropertySource with lowest search precedence>
2016-06-30 09:52:29,493 DEBUG [org.springframework.core.env.StandardEnvironment] - <Initialized StandardEnvironment with PropertySources [systemProperties,systemEnvironment]>
2016-06-30 09:52:29,494 DEBUG [org.springframework.core.env.StandardEnvironment] - <Initializing new StandardEnvironment>
2016-06-30 09:52:29,494 DEBUG [org.springframework.core.env.StandardEnvironment] - <Adding [systemProperties] PropertySource with lowest search precedence>
2016-06-30 09:52:29,494 DEBUG [org.springframework.core.env.StandardEnvironment] - <Adding [systemEnvironment] PropertySource with lowest search precedence>
2016-06-30 09:52:29,494 DEBUG [org.springframework.core.env.StandardEnvironment] - <Initialized StandardEnvironment with PropertySources [systemProperties,systemEnvironment]>
2016-06-30 09:52:29,494 DEBUG [org.springframework.core.env.StandardEnvironment] - <Initializing new StandardEnvironment>
2016-06-30 09:52:29,494 DEBUG [org.springframework.core.env.StandardEnvironment] - <Adding [systemProperties] PropertySource with lowest search precedence>
2016-06-30 09:52:29,494 DEBUG [org.springframework.core.env.StandardEnvironment] - <Adding [systemEnvironment] PropertySource with lowest search precedence>
2016-06-30 09:52:29,495 DEBUG [org.springframework.core.env.StandardEnvironment] - <Initialized StandardEnvironment with PropertySources [systemProperties,systemEnvironment]>
2016-06-30 09:52:29,504 DEBUG [org.springframework.beans.factory.support.DefaultListableBeanFactory] - <Returning cached instance of singleton bean 'org.springframework.transaction.config.internalTransactionAdvisor'>
2016-06-30 09:52:29,509 DEBUG [org.springframework.beans.factory.support.DefaultListableBeanFactory] - <Finished creating instance of bean 'dataSource'>
2016-06-30 09:52:29,510 DEBUG [org.springframework.core.io.support.PathMatchingResourcePatternResolver] - <Looking for matching resources in directory tree [D:\Workspaces\MyEclipse 8.5\kjhb\WebContent\WEB-INF\classes\com\tjpcms\spring\mapper]>
2016-06-30 09:52:29,510 DEBUG [org.springframework.core.io.support.PathMatchingResourcePatternResolver] - <Searching directory [D:\Workspaces\MyEclipse 8.5\kjhb\WebContent\WEB-INF\classes\com\tjpcms\spring\mapper] for files matching pattern [D:/Workspaces/MyEclipse 8.5/kjhb/WebContent/WEB-INF/classes/com/tjpcms/spring/mapper/*Mapper.xml]>
2016-06-30 09:52:29,511 DEBUG [org.springframework.core.io.support.PathMatchingResourcePatternResolver] - <Resolved location pattern [classpath:com/tjpcms/spring/mapper/*Mapper.xml] to resources [file [D:\Workspaces\MyEclipse 8.5\kjhb\WebContent\WEB-INF\classes\com\tjpcms\spring\mapper\EntMapper.xml]]>
2016-06-30 09:52:29,514 DEBUG [org.springframework.beans.factory.support.DefaultListableBeanFactory] - <Invoking afterPropertiesSet() on bean with name 'sqlSessionFactory'>
2016-06-30 09:52:29,641 DEBUG [org.apache.ibatis.io.ResolverUtil] - <Class not found: org.jboss.vfs.VFS>
2016-06-30 09:52:29,641 DEBUG [org.apache.ibatis.io.ResolverUtil] - <JBoss 6 VFS API is not available in this environment.>
2016-06-30 09:52:29,642 DEBUG [org.apache.ibatis.io.ResolverUtil] - <Class not found: org.jboss.vfs.VirtualFile>
2016-06-30 09:52:29,642 DEBUG [org.apache.ibatis.io.ResolverUtil] - <VFS implementation org.apache.ibatis.io.JBoss6VFS is not valid in this environment.>
2016-06-30 09:52:29,643 DEBUG [org.apache.ibatis.io.ResolverUtil] - <Using VFS adapter org.apache.ibatis.io.DefaultVFS>
2016-06-30 09:52:29,643 DEBUG [org.apache.ibatis.io.ResolverUtil] - <Find JAR URL: file:/D:/Workspaces/MyEclipse%208.5/kjhb/WebContent/WEB-INF/classes/com/tjpcms/spring/model/>
2016-06-30 09:52:29,644 DEBUG [org.apache.ibatis.io.ResolverUtil] - <Not a JAR: file:/D:/Workspaces/MyEclipse%208.5/kjhb/WebContent/WEB-INF/classes/com/tjpcms/spring/model/>
2016-06-30 09:52:29,702 DEBUG [org.mybatis.spring.SqlSessionFactoryBean] - <Scanned package: 'com.tjpcms.spring.model' for aliases>
2016-06-30 09:52:29,757 DEBUG [org.apache.ibatis.logging.LogFactory] - <Logging initialized using 'class org.apache.ibatis.logging.log4j.Log4jImpl' adapter.>
2016-06-30 09:52:29,759 DEBUG [org.mybatis.spring.SqlSessionFactoryBean] - <Parsed configuration file: 'ServletContext resource [/WEB-INF/mybatis-config.xml]'>
2016-06-30 09:52:30,251 DEBUG [org.mybatis.spring.SqlSessionFactoryBean] - <Parsed mapper file: 'file [D:\Workspaces\MyEclipse 8.5\kjhb\WebContent\WEB-INF\classes\com\tjpcms\spring\mapper\EntMapper.xml]'>
2016-06-30 09:52:30,254 DEBUG [org.springframework.beans.factory.support.DefaultListableBeanFactory] - <Returning cached instance of singleton bean 'org.springframework.transaction.config.internalTransactionAdvisor'>
2016-06-30 09:52:30,256 DEBUG [org.springframework.beans.factory.support.DefaultListableBeanFactory] - <Finished creating instance of bean 'sqlSessionFactory'>
2016-06-30 09:52:30,256 DEBUG [org.springframework.beans.factory.support.DefaultListableBeanFactory] - <Returning cached instance of singleton bean 'org.springframework.transaction.config.internalTransactionAdvisor'>
2016-06-30 09:52:30,272 DEBUG [org.springframework.beans.factory.support.DefaultListableBeanFactory] - <Invoking afterPropertiesSet() on bean with name 'entMapper'>
2016-06-30 09:52:30,273 DEBUG [org.springframework.beans.factory.support.DefaultListableBeanFactory] - <Returning cached instance of singleton bean 'org.springframework.transaction.config.internalTransactionAdvisor'>
2016-06-30 09:52:30,273 DEBUG [org.springframework.beans.factory.support.DefaultListableBeanFactory] - <Finished creating instance of bean 'entMapper'>
2016-06-30 09:52:30,274 DEBUG [org.springframework.beans.factory.support.DefaultListableBeanFactory] - <Returning cached instance of singleton bean 'org.springframework.context.annotation.internalConfigurationAnnotationProcessor'>
2016-06-30 09:52:30,274 DEBUG [org.springframework.beans.factory.support.DefaultListableBeanFactory] - <Returning cached instance of singleton bean 'org.springframework.context.annotation.internalAutowiredAnnotationProcessor'>
2016-06-30 09:52:30,274 DEBUG [org.springframework.beans.factory.support.DefaultListableBeanFactory] - <Returning cached instance of singleton bean 'org.springframework.context.annotation.internalRequiredAnnotationProcessor'>
2016-06-30 09:52:30,274 DEBUG [org.springframework.beans.factory.support.DefaultListableBeanFactory] - <Returning cached instance of singleton bean 'org.springframework.context.annotation.internalCommonAnnotationProcessor'>
2016-06-30 09:52:30,276 DEBUG [org.springframework.web.context.support.XmlWebApplicationContext] - <Unable to locate LifecycleProcessor with name 'lifecycleProcessor': using default [org.springframework.context.support.DefaultLifecycleProcessor@4f22c960]>
2016-06-30 09:52:30,276 DEBUG [org.springframework.beans.factory.support.DefaultListableBeanFactory] - <Returning cached instance of singleton bean 'lifecycleProcessor'>
2016-06-30 09:52:30,279 DEBUG [org.springframework.beans.factory.support.DefaultListableBeanFactory] - <Returning cached instance of singleton bean 'sqlSessionFactory'>
2016-06-30 09:52:30,279 DEBUG [org.springframework.web.context.ContextLoader] - <Published root WebApplicationContext as ServletContext attribute with name [org.springframework.web.context.WebApplicationContext.ROOT]>
2016-06-30 09:52:30,279 INFO [org.springframework.web.context.ContextLoader] - <Root WebApplicationContext: initialization completed in 1958 ms>
2016-06-30 09:52:30,300 DEBUG [org.springframework.web.context.support.StandardServletEnvironment] - <Initializing new StandardServletEnvironment>
2016-06-30 09:52:30,300 DEBUG [org.springframework.web.context.support.StandardServletEnvironment] - <Adding [servletConfigInitParams] PropertySource with lowest search precedence>
2016-06-30 09:52:30,300 DEBUG [org.springframework.web.context.support.StandardServletEnvironment] - <Adding [servletContextInitParams] PropertySource with lowest search precedence>
2016-06-30 09:52:30,300 DEBUG [org.springframework.web.context.support.StandardServletEnvironment] - <Adding [jndiProperties] PropertySource with lowest search precedence>
2016-06-30 09:52:30,300 DEBUG [org.springframework.web.context.support.StandardServletEnvironment] - <Adding [systemProperties] PropertySource with lowest search precedence>
2016-06-30 09:52:30,300 DEBUG [org.springframework.web.context.support.StandardServletEnvironment] - <Adding [systemEnvironment] PropertySource with lowest search precedence>
2016-06-30 09:52:30,300 DEBUG [org.springframework.web.context.support.StandardServletEnvironment] - <Initialized StandardServletEnvironment with PropertySources [servletConfigInitParams,servletContextInitParams,jndiProperties,systemProperties,systemEnvironment]>
2016-06-30 09:52:30,301 DEBUG [org.springframework.web.filter.CharacterEncodingFilter] - <Initializing filter 'characterEncodingFilter'>
2016-06-30 09:52:30,307 DEBUG [org.springframework.web.filter.CharacterEncodingFilter] - <Filter 'characterEncodingFilter' configured successfully>
